# JRE version: OpenJDK Runtime Environment (8.0_242-b01) (build 1.8.0_242-release-1644-b01)
# Java VM: OpenJDK 64-Bit Server VM (25.242-b01 mixed mode windows-amd64 compressed oops)
Heap:
 PSYoungGen      total 527872K, used 170129K [0x00000000d5580000, 0x00000000f8980000, 0x0000000100000000)
  eden space 485888K, 27% used [0x00000000d5580000,0x00000000dd98c570,0x00000000f3000000)
  from space 41984K, 83% used [0x00000000f5c80000,0x00000000f7e97ff0,0x00000000f8580000)
  to   space 45568K, 0% used [0x00000000f3000000,0x00000000f3000000,0x00000000f5c80000)
 ParOldGen       total 253440K, used 102833K [0x0000000080000000, 0x000000008f780000, 0x00000000d5580000)
  object space 253440K, 40% used [0x0000000080000000,0x000000008646c730,0x000000008f780000)
 Metaspace       used 111687K, capacity 120354K, committed 120472K, reserved 1155072K
  class space    used 14104K, capacity 15517K, committed 15536K, reserved 1048576K
GC Heap History (10 events):
Event: 14083.800 GC heap before
{Heap before GC invocations=68 (full 4):
 PSYoungGen      total 510976K, used 479904K [0x00000000d5580000, 0x00000000f6f00000, 0x0000000100000000)
  eden space 472576K, 100% used [0x00000000d5580000,0x00000000f2300000,0x00000000f2300000)
  from space 38400K, 19% used [0x00000000f2300000,0x00000000f2a28020,0x00000000f4880000)
  to   space 37888K, 0% used [0x00000000f4a00000,0x00000000f4a00000,0x00000000f6f00000)
 ParOldGen       total 253440K, used 102476K [0x0000000080000000, 0x000000008f780000, 0x00000000d5580000)
  object space 253440K, 40% used [0x0000000080000000,0x00000000864133b8,0x000000008f780000)
 Metaspace       used 108484K, capacity 116758K, committed 116888K, reserved 1150976K
  class space    used 13641K, capacity 14950K, committed 15024K, reserved 1048576K
Event: 14083.812 GC heap after
Heap after GC invocations=68 (full 4):
 PSYoungGen      total 511488K, used 9392K [0x00000000d5580000, 0x00000000f6e00000, 0x0000000100000000)
  eden space 474624K, 0% used [0x00000000d5580000,0x00000000d5580000,0x00000000f2500000)
  from space 36864K, 25% used [0x00000000f4a00000,0x00000000f532c138,0x00000000f6e00000)
  to   space 37376K, 0% used [0x00000000f2500000,0x00000000f2500000,0x00000000f4980000)
 ParOldGen       total 253440K, used 102508K [0x0000000080000000, 0x000000008f780000, 0x00000000d5580000)
  object space 253440K, 40% used [0x0000000080000000,0x000000008641b3b8,0x000000008f780000)
 Metaspace       used 108484K, capacity 116758K, committed 116888K, reserved 1150976K
  class space    used 13641K, capacity 14950K, committed 15024K, reserved 1048576K
}
Event: 14119.367 GC heap before
{Heap before GC invocations=69 (full 4):
 PSYoungGen      total 511488K, used 484016K [0x00000000d5580000, 0x00000000f6e00000, 0x0000000100000000)
  eden space 474624K, 100% used [0x00000000d5580000,0x00000000f2500000,0x00000000f2500000)
  from space 36864K, 25% used [0x00000000f4a00000,0x00000000f532c138,0x00000000f6e00000)
  to   space 37376K, 0% used [0x00000000f2500000,0x00000000f2500000,0x00000000f4980000)
 ParOldGen       total 253440K, used 102508K [0x0000000080000000, 0x000000008f780000, 0x00000000d5580000)
  object space 253440K, 40% used [0x0000000080000000,0x000000008641b3b8,0x000000008f780000)
 Metaspace       used 108514K, capacity 116822K, committed 117144K, reserved 1150976K
  class space    used 13641K, capacity 14950K, committed 15024K, reserved 1048576K
Event: 14119.380 GC heap after
Heap after GC invocations=69 (full 4):
 PSYoungGen      total 512000K, used 12400K [0x00000000d5580000, 0x00000000f6d00000, 0x0000000100000000)
  eden space 474624K, 0% used [0x00000000d5580000,0x00000000d5580000,0x00000000f2500000)
  from space 37376K, 33% used [0x00000000f2500000,0x00000000f311c138,0x00000000f4980000)
  to   space 35840K, 0% used [0x00000000f4a00000,0x00000000f4a00000,0x00000000f6d00000)
 ParOldGen       total 253440K, used 102540K [0x0000000080000000, 0x000000008f780000, 0x00000000d5580000)
  object space 253440K, 40% used [0x0000000080000000,0x00000000864233b8,0x000000008f780000)
 Metaspace       used 108514K, capacity 116822K, committed 117144K, reserved 1150976K
  class space    used 13641K, capacity 14950K, committed 15024K, reserved 1048576K
}
Event: 15589.508 GC heap before
{Heap before GC invocations=70 (full 4):
 PSYoungGen      total 512000K, used 487024K [0x00000000d5580000, 0x00000000f6d00000, 0x0000000100000000)
  eden space 474624K, 100% used [0x00000000d5580000,0x00000000f2500000,0x00000000f2500000)
  from space 37376K, 33% used [0x00000000f2500000,0x00000000f311c138,0x00000000f4980000)
  to   space 35840K, 0% used [0x00000000f4a00000,0x00000000f4a00000,0x00000000f6d00000)
 ParOldGen       total 253440K, used 102540K [0x0000000080000000, 0x000000008f780000, 0x00000000d5580000)
  object space 253440K, 40% used [0x0000000080000000,0x00000000864233b8,0x000000008f780000)
 Metaspace       used 108654K, capacity 116964K, committed 117144K, reserved 1150976K
  class space    used 13654K, capacity 14991K, committed 15024K, reserved 1048576K
Event: 15589.616 GC heap after
Heap after GC invocations=70 (full 4):
 PSYoungGen      total 508928K, used 30389K [0x00000000d5580000, 0x00000000f7380000, 0x0000000100000000)
  eden space 473088K, 0% used [0x00000000d5580000,0x00000000d5580000,0x00000000f2380000)
  from space 35840K, 84% used [0x00000000f4a00000,0x00000000f67ad580,0x00000000f6d00000)
  to   space 39424K, 0% used [0x00000000f2380000,0x00000000f2380000,0x00000000f4a00000)
 ParOldGen       total 253440K, used 102572K [0x0000000080000000, 0x000000008f780000, 0x00000000d5580000)
  object space 253440K, 40% used [0x0000000080000000,0x000000008642b3b8,0x000000008f780000)
 Metaspace       used 108654K, capacity 116964K, committed 117144K, reserved 1150976K
  class space    used 13654K, capacity 14991K, committed 15024K, reserved 1048576K
}
Event: 15622.169 GC heap before
{Heap before GC invocations=71 (full 4):
 PSYoungGen      total 508928K, used 503477K [0x00000000d5580000, 0x00000000f7380000, 0x0000000100000000)
  eden space 473088K, 100% used [0x00000000d5580000,0x00000000f2380000,0x00000000f2380000)
  from space 35840K, 84% used [0x00000000f4a00000,0x00000000f67ad580,0x00000000f6d00000)
  to   space 39424K, 0% used [0x00000000f2380000,0x00000000f2380000,0x00000000f4a00000)
 ParOldGen       total 253440K, used 102572K [0x0000000080000000, 0x000000008f780000, 0x00000000d5580000)
  object space 253440K, 40% used [0x0000000080000000,0x000000008642b3b8,0x000000008f780000)
 Metaspace       used 108718K, capacity 116968K, committed 117144K, reserved 1150976K
  class space    used 13654K, capacity 14991K, committed 15024K, reserved 1048576K
Event: 15622.652 GC heap after
Heap after GC invocations=71 (full 4):
 PSYoungGen      total 512512K, used 30168K [0x00000000d5580000, 0x00000000f8580000, 0x0000000100000000)
  eden space 473088K, 0% used [0x00000000d5580000,0x00000000d5580000,0x00000000f2380000)
  from space 39424K, 76% used [0x00000000f2380000,0x00000000f40f6340,0x00000000f4a00000)
  to   space 41984K, 0% used [0x00000000f5c80000,0x00000000f5c80000,0x00000000f8580000)
 ParOldGen       total 253440K, used 102612K [0x0000000080000000, 0x000000008f780000, 0x00000000d5580000)
  object space 253440K, 40% used [0x0000000080000000,0x00000000864353b8,0x000000008f780000)
 Metaspace       used 108718K, capacity 116968K, committed 117144K, reserved 1150976K
  class space    used 13654K, capacity 14991K, committed 15024K, reserved 1048576K
}
Event: 15741.826 GC heap before
{Heap before GC invocations=72 (full 4):
 PSYoungGen      total 512512K, used 503256K [0x00000000d5580000, 0x00000000f8580000, 0x0000000100000000)
  eden space 473088K, 100% used [0x00000000d5580000,0x00000000f2380000,0x00000000f2380000)
  from space 39424K, 76% used [0x00000000f2380000,0x00000000f40f6340,0x00000000f4a00000)
  to   space 41984K, 0% used [0x00000000f5c80000,0x00000000f5c80000,0x00000000f8580000)
 ParOldGen       total 253440K, used 102612K [0x0000000080000000, 0x000000008f780000, 0x00000000d5580000)
  object space 253440K, 40% used [0x0000000080000000,0x00000000864353b8,0x000000008f780000)
 Metaspace       used 108793K, capacity 117032K, committed 117144K, reserved 1150976K
  class space    used 13654K, capacity 14991K, committed 15024K, reserved 1048576K
Event: 15741.895 GC heap after
Heap after GC invocations=72 (full 4):
 PSYoungGen      total 527872K, used 34911K [0x00000000d5580000, 0x00000000f8980000, 0x0000000100000000)
  eden space 485888K, 0% used [0x00000000d5580000,0x00000000d5580000,0x00000000f3000000)
  from space 41984K, 83% used [0x00000000f5c80000,0x00000000f7e97ff0,0x00000000f8580000)
  to   space 45568K, 0% used [0x00000000f3000000,0x00000000f3000000,0x00000000f5c80000)
 ParOldGen       total 253440K, used 102833K [0x0000000080000000, 0x000000008f780000, 0x00000000d5580000)
  object space 253440K, 40% used [0x0000000080000000,0x000000008646c730,0x000000008f780000)
 Metaspace       used 108793K, capacity 117032K, committed 117144K, reserved 1150976K
  class space    used 13654K, capacity 14991K, committed 15024K, reserved 1048576K
}

