# JRE version: OpenJDK Runtime Environment (8.0_242-b01) (build 1.8.0_242-release-1644-b01)
# Java VM: OpenJDK 64-Bit Server VM (25.242-b01 mixed mode windows-amd64 compressed oops)
Heap:
 PSYoungGen      total 604160K, used 187446K [0x00000000d5580000, 0x0000000100000000, 0x0000000100000000)
  eden space 595456K, 30% used [0x00000000d5580000,0x00000000e048b998,0x00000000f9b00000)
  from space 8704K, 94% used [0x00000000f9b00000,0x00000000fa302040,0x00000000fa380000)
  to   space 52736K, 0% used [0x00000000fcc80000,0x00000000fcc80000,0x0000000100000000)
 ParOldGen       total 248320K, used 76487K [0x0000000080000000, 0x000000008f280000, 0x00000000d5580000)
  object space 248320K, 30% used [0x0000000080000000,0x0000000084ab1cf0,0x000000008f280000)
 Metaspace       used 102852K, capacity 110849K, committed 111000K, reserved 1146880K
  class space    used 13112K, capacity 14386K, committed 14512K, reserved 1048576K
GC Heap History (10 events):
Event: 15904.932 GC heap before
{Heap before GC invocations=29 (full 4):
 PSYoungGen      total 655872K, used 629672K [0x00000000d5580000, 0x00000000fff00000, 0x0000000100000000)
  eden space 614912K, 99% used [0x00000000d5580000,0x00000000fadfe320,0x00000000fae00000)
  from space 40960K, 36% used [0x00000000fd700000,0x00000000fe56beb8,0x00000000fff00000)
  to   space 41472K, 0% used [0x00000000fae00000,0x00000000fae00000,0x00000000fd680000)
 ParOldGen       total 248320K, used 73323K [0x0000000080000000, 0x000000008f280000, 0x00000000d5580000)
  object space 248320K, 29% used [0x0000000080000000,0x000000008479afb0,0x000000008f280000)
 Metaspace       used 100087K, capacity 107989K, committed 108056K, reserved 1142784K
  class space    used 12858K, capacity 14096K, committed 14128K, reserved 1048576K
Event: 15905.000 GC heap after
Heap after GC invocations=29 (full 4):
 PSYoungGen      total 648192K, used 32965K [0x00000000d5580000, 0x0000000100000000, 0x0000000100000000)
  eden space 614912K, 0% used [0x00000000d5580000,0x00000000d5580000,0x00000000fae00000)
  from space 33280K, 99% used [0x00000000fae00000,0x00000000fce315b0,0x00000000fce80000)
  to   space 43520K, 0% used [0x00000000fd580000,0x00000000fd580000,0x0000000100000000)
 ParOldGen       total 248320K, used 73323K [0x0000000080000000, 0x000000008f280000, 0x00000000d5580000)
  object space 248320K, 29% used [0x0000000080000000,0x000000008479afb0,0x000000008f280000)
 Metaspace       used 100087K, capacity 107989K, committed 108056K, reserved 1142784K
  class space    used 12858K, capacity 14096K, committed 14128K, reserved 1048576K
}
Event: 16131.425 GC heap before
{Heap before GC invocations=30 (full 4):
 PSYoungGen      total 648192K, used 647375K [0x00000000d5580000, 0x0000000100000000, 0x0000000100000000)
  eden space 614912K, 99% used [0x00000000d5580000,0x00000000fad82810,0x00000000fae00000)
  from space 33280K, 99% used [0x00000000fae00000,0x00000000fce315b0,0x00000000fce80000)
  to   space 43520K, 0% used [0x00000000fd580000,0x00000000fd580000,0x0000000100000000)
 ParOldGen       total 248320K, used 73323K [0x0000000080000000, 0x000000008f280000, 0x00000000d5580000)
  object space 248320K, 29% used [0x0000000080000000,0x000000008479afb0,0x000000008f280000)
 Metaspace       used 100169K, capacity 108021K, committed 108056K, reserved 1142784K
  class space    used 12859K, capacity 14128K, committed 14128K, reserved 1048576K
Event: 16131.459 GC heap after
Heap after GC invocations=30 (full 4):
 PSYoungGen      total 655360K, used 29111K [0x00000000d5580000, 0x0000000100000000, 0x0000000100000000)
  eden space 611840K, 0% used [0x00000000d5580000,0x00000000d5580000,0x00000000fab00000)
  from space 43520K, 66% used [0x00000000fd580000,0x00000000ff1edc68,0x0000000100000000)
  to   space 43520K, 0% used [0x00000000fab00000,0x00000000fab00000,0x00000000fd580000)
 ParOldGen       total 248320K, used 73331K [0x0000000080000000, 0x000000008f280000, 0x00000000d5580000)
  object space 248320K, 29% used [0x0000000080000000,0x000000008479cfb0,0x000000008f280000)
 Metaspace       used 100169K, capacity 108021K, committed 108056K, reserved 1142784K
  class space    used 12859K, capacity 14128K, committed 14128K, reserved 1048576K
}
Event: 16318.014 GC heap before
{Heap before GC invocations=31 (full 4):
 PSYoungGen      total 655360K, used 640951K [0x00000000d5580000, 0x0000000100000000, 0x0000000100000000)
  eden space 611840K, 100% used [0x00000000d5580000,0x00000000fab00000,0x00000000fab00000)
  from space 43520K, 66% used [0x00000000fd580000,0x00000000ff1edc68,0x0000000100000000)
  to   space 43520K, 0% used [0x00000000fab00000,0x00000000fab00000,0x00000000fd580000)
 ParOldGen       total 248320K, used 73331K [0x0000000080000000, 0x000000008f280000, 0x00000000d5580000)
  object space 248320K, 29% used [0x0000000080000000,0x000000008479cfb0,0x000000008f280000)
 Metaspace       used 100277K, capacity 108249K, committed 108440K, reserved 1142784K
  class space    used 12862K, capacity 14160K, committed 14256K, reserved 1048576K
Event: 16318.085 GC heap after
Heap after GC invocations=31 (full 4):
 PSYoungGen      total 648704K, used 36630K [0x00000000d5580000, 0x0000000100000000, 0x0000000100000000)
  eden space 611840K, 0% used [0x00000000d5580000,0x00000000d5580000,0x00000000fab00000)
  from space 36864K, 99% used [0x00000000fab00000,0x00000000fcec5bb8,0x00000000fcf00000)
  to   space 46080K, 0% used [0x00000000fd300000,0x00000000fd300000,0x0000000100000000)
 ParOldGen       total 248320K, used 73339K [0x0000000080000000, 0x000000008f280000, 0x00000000d5580000)
  object space 248320K, 29% used [0x0000000080000000,0x000000008479efb0,0x000000008f280000)
 Metaspace       used 100277K, capacity 108249K, committed 108440K, reserved 1142784K
  class space    used 12862K, capacity 14160K, committed 14256K, reserved 1048576K
}
Event: 17563.862 GC heap before
{Heap before GC invocations=32 (full 4):
 PSYoungGen      total 648704K, used 648419K [0x00000000d5580000, 0x0000000100000000, 0x0000000100000000)
  eden space 611840K, 99% used [0x00000000d5580000,0x00000000faaf3258,0x00000000fab00000)
  from space 36864K, 99% used [0x00000000fab00000,0x00000000fcec5bb8,0x00000000fcf00000)
  to   space 46080K, 0% used [0x00000000fd300000,0x00000000fd300000,0x0000000100000000)
 ParOldGen       total 248320K, used 73339K [0x0000000080000000, 0x000000008f280000, 0x00000000d5580000)
  object space 248320K, 29% used [0x0000000080000000,0x000000008479efb0,0x000000008f280000)
 Metaspace       used 102709K, capacity 110589K, committed 110744K, reserved 1144832K
  class space    used 13111K, capacity 14386K, committed 14512K, reserved 1048576K
Event: 17563.937 GC heap after
Heap after GC invocations=32 (full 4):
 PSYoungGen      total 641536K, used 46079K [0x00000000d5580000, 0x0000000100000000, 0x0000000100000000)
  eden space 595456K, 0% used [0x00000000d5580000,0x00000000d5580000,0x00000000f9b00000)
  from space 46080K, 99% used [0x00000000fd300000,0x00000000ffffff98,0x0000000100000000)
  to   space 51712K, 0% used [0x00000000f9b00000,0x00000000f9b00000,0x00000000fcd80000)
 ParOldGen       total 248320K, used 73469K [0x0000000080000000, 0x000000008f280000, 0x00000000d5580000)
  object space 248320K, 29% used [0x0000000080000000,0x00000000847bf6b0,0x000000008f280000)
 Metaspace       used 102709K, capacity 110589K, committed 110744K, reserved 1144832K
  class space    used 13111K, capacity 14386K, committed 14512K, reserved 1048576K
}
Event: 19474.778 GC heap before
{Heap before GC invocations=33 (full 4):
 PSYoungGen      total 641536K, used 641535K [0x00000000d5580000, 0x0000000100000000, 0x0000000100000000)
  eden space 595456K, 100% used [0x00000000d5580000,0x00000000f9b00000,0x00000000f9b00000)
  from space 46080K, 99% used [0x00000000fd300000,0x00000000ffffff98,0x0000000100000000)
  to   space 51712K, 0% used [0x00000000f9b00000,0x00000000f9b00000,0x00000000fcd80000)
 ParOldGen       total 248320K, used 73469K [0x0000000080000000, 0x000000008f280000, 0x00000000d5580000)
  object space 248320K, 29% used [0x0000000080000000,0x00000000847bf6b0,0x000000008f280000)
 Metaspace       used 102835K, capacity 110785K, committed 111000K, reserved 1146880K
  class space    used 13112K, capacity 14386K, committed 14512K, reserved 1048576K
Event: 19474.871 GC heap after
Heap after GC invocations=33 (full 4):
 PSYoungGen      total 604160K, used 8200K [0x00000000d5580000, 0x0000000100000000, 0x0000000100000000)
  eden space 595456K, 0% used [0x00000000d5580000,0x00000000d5580000,0x00000000f9b00000)
  from space 8704K, 94% used [0x00000000f9b00000,0x00000000fa302040,0x00000000fa380000)
  to   space 52736K, 0% used [0x00000000fcc80000,0x00000000fcc80000,0x0000000100000000)
 ParOldGen       total 248320K, used 76487K [0x0000000080000000, 0x000000008f280000, 0x00000000d5580000)
  object space 248320K, 30% used [0x0000000080000000,0x0000000084ab1cf0,0x000000008f280000)
 Metaspace       used 102835K, capacity 110785K, committed 111000K, reserved 1146880K
  class space    used 13112K, capacity 14386K, committed 14512K, reserved 1048576K
}

